<?xml version="1.0" encoding="UTF-8"?>
<!-- Generated by org.testng.reporters.JUnitXMLReporter -->
<testsuite ignored="0" hostname="Prasanna" failures="1" tests="34" name="Default test" time="510.625" errors="0" timestamp="2024-10-07T14:50:09 IST">
  <testcase classname="com.zenken.freshers.user.Projects" name="verifyProjectsNewUrl" time="0.909"/>
  <testcase classname="com.zenken.freshers.user.Projects" name="verifyProjectPageTitle" time="0.824"/>
  <testcase classname="com.zenken.freshers.user.Projects" name="verifyProjectPlaceholders" time="0.858"/>
  <testcase classname="com.zenken.freshers.user.Projects" name="verifyProjectEndDateDdDisable" time="0.917"/>
  <testcase classname="com.zenken.freshers.user.Projects" name="verifyProjectAddition" time="3.656"/>
  <testcase classname="com.zenken.freshers.user.Projects" name="verifyProjectAdditionWithDetails" time="5.793"/>
  <testcase classname="com.zenken.freshers.user.Projects" name="verifyProjectAdditionWithLink" time="5.964"/>
  <testcase classname="com.zenken.freshers.user.Projects" name="verifyProjectLink" time="4.651"/>
  <testcase classname="com.zenken.freshers.user.Projects" name="verifyProjectFileUpload" time="4.747"/>
  <testcase classname="com.zenken.freshers.user.Projects" name="verifyDefaultProjectName" time="0.05"/>
  <testcase classname="com.zenken.freshers.user.Projects" name="verifyProjectAdditionWithFile" time="37.376"/>
  <testcase classname="com.zenken.freshers.user.Projects" name="verifyProjectEditUrl" time="0.821"/>
  <testcase classname="com.zenken.freshers.user.Projects" name="verifyProjectSavedData" time="1.058"/>
  <testcase classname="com.zenken.freshers.user.Projects" name="verifyProjectCharCount" time="31.747"/>
  <testcase classname="com.zenken.freshers.user.Projects" name="verifyProjectFilesUpload" time="12.588"/>
  <testcase classname="com.zenken.freshers.user.Projects" name="verifyProjectFileDelete" time="2.873"/>
  <testcase classname="com.zenken.freshers.user.Projects" name="verifyProjectCountExceed" time="13.148"/>
  <testcase classname="com.zenken.freshers.user.Projects" name="verifyProjectDeletePopUp" time="10.874">
    <skipped/>
  </testcase> <!-- verifyProjectDeletePopUp -->
  <testcase classname="com.zenken.freshers.user.Projects" name="verifyProjectDeletePopUp" time="10.881">
    <skipped/>
  </testcase> <!-- verifyProjectDeletePopUp -->
  <testcase classname="com.zenken.freshers.user.Projects" name="verifyProjectDeletePopUp" time="10.933">
    <failure type="org.openqa.selenium.TimeoutException" message="Expected condition failed: waiting for visibility of [[ChromeDriver: chrome on windows (85c0370005aaba0ebad2e8a27d5131ac)] -&amp;gt; css selector: [role=dialog]] (tried for 10 second(s) with 500 milliseconds interval)
Build info: version: &amp;apos;4.22.0&amp;apos;, revision: &amp;apos;c5f3146703*&amp;apos;
System info: os.name: &amp;apos;Windows 11&amp;apos;, os.arch: &amp;apos;amd64&amp;apos;, os.version: &amp;apos;10.0&amp;apos;, java.version: &amp;apos;21.0.2&amp;apos;
Driver info: org.openqa.selenium.chrome.ChromeDriver
Capabilities {acceptInsecureCerts: false, browserName: chrome, browserVersion: 129.0.6668.90, chrome: {chromedriverVersion: 129.0.6668.89 (951c0b97221f..., userDataDir: C:\Users\prasa\AppData\Loca...}, fedcm:accounts: true, goog:chromeOptions: {debuggerAddress: localhost:64298}, networkConnectionEnabled: false, pageLoadStrategy: normal, platformName: windows, proxy: Proxy(), se:cdp: ws://localhost:64298/devtoo..., se:cdpVersion: 129.0.6668.90, setWindowRect: true, strictFileInteractability: false, timeouts: {implicit: 0, pageLoad: 300000, script: 30000}, unhandledPromptBehavior: dismiss and notify, webauthn:extension:credBlob: true, webauthn:extension:largeBlob: true, webauthn:extension:minPinLength: true, webauthn:extension:prf: true, webauthn:virtualAuthenticators: true}
Session ID: 85c0370005aaba0ebad2e8a27d5131ac">
      <![CDATA[org.openqa.selenium.TimeoutException: Expected condition failed: waiting for visibility of [[ChromeDriver: chrome on windows (85c0370005aaba0ebad2e8a27d5131ac)] -> css selector: [role=dialog]] (tried for 10 second(s) with 500 milliseconds interval)
Build info: version: '4.22.0', revision: 'c5f3146703*'
System info: os.name: 'Windows 11', os.arch: 'amd64', os.version: '10.0', java.version: '21.0.2'
Driver info: org.openqa.selenium.chrome.ChromeDriver
Capabilities {acceptInsecureCerts: false, browserName: chrome, browserVersion: 129.0.6668.90, chrome: {chromedriverVersion: 129.0.6668.89 (951c0b97221f..., userDataDir: C:\Users\prasa\AppData\Loca...}, fedcm:accounts: true, goog:chromeOptions: {debuggerAddress: localhost:64298}, networkConnectionEnabled: false, pageLoadStrategy: normal, platformName: windows, proxy: Proxy(), se:cdp: ws://localhost:64298/devtoo..., se:cdpVersion: 129.0.6668.90, setWindowRect: true, strictFileInteractability: false, timeouts: {implicit: 0, pageLoad: 300000, script: 30000}, unhandledPromptBehavior: dismiss and notify, webauthn:extension:credBlob: true, webauthn:extension:largeBlob: true, webauthn:extension:minPinLength: true, webauthn:extension:prf: true, webauthn:virtualAuthenticators: true}
Session ID: 85c0370005aaba0ebad2e8a27d5131ac
at org.openqa.selenium.support.ui.WebDriverWait.timeoutException(WebDriverWait.java:84)
at org.openqa.selenium.support.ui.FluentWait.until(FluentWait.java:228)
at com.zenken.frehsers.abstractcomponents.WebDriverUtils.waitUntilElementAppears(WebDriverUtils.java:67)
at com.zenken.freshers.pages.user.EditProjectsPage.getProjectPopUpText(EditProjectsPage.java:288)
at com.zenken.freshers.user.Projects.verifyProjectDeletePopUp(Projects.java:269)
at java.base/jdk.internal.reflect.DirectMethodHandleAccessor.invoke(DirectMethodHandleAccessor.java:103)
at java.base/java.lang.reflect.Method.invoke(Method.java:580)
at org.testng.internal.invokers.MethodInvocationHelper.invokeMethod(MethodInvocationHelper.java:141)
at org.testng.internal.invokers.TestInvoker.invokeMethod(TestInvoker.java:686)
at org.testng.internal.invokers.TestInvoker.retryFailed(TestInvoker.java:269)
at org.testng.internal.invokers.MethodRunner.runInSequence(MethodRunner.java:76)
at org.testng.internal.invokers.TestInvoker$MethodInvocationAgent.invoke(TestInvoker.java:992)
at org.testng.internal.invokers.TestInvoker.invokeTestMethods(TestInvoker.java:203)
at org.testng.internal.invokers.TestMethodWorker.invokeTestMethods(TestMethodWorker.java:154)
at org.testng.internal.invokers.TestMethodWorker.run(TestMethodWorker.java:134)
at java.base/java.util.ArrayList.forEach(ArrayList.java:1596)
at org.testng.TestRunner.privateRun(TestRunner.java:739)
at org.testng.TestRunner.run(TestRunner.java:614)
at org.testng.SuiteRunner.runTest(SuiteRunner.java:421)
at org.testng.SuiteRunner.runSequentially(SuiteRunner.java:413)
at org.testng.SuiteRunner.privateRun(SuiteRunner.java:373)
at org.testng.SuiteRunner.run(SuiteRunner.java:312)
at org.testng.SuiteRunnerWorker.runSuite(SuiteRunnerWorker.java:52)
at org.testng.SuiteRunnerWorker.run(SuiteRunnerWorker.java:95)
at org.testng.TestNG.runSuitesSequentially(TestNG.java:1274)
at org.testng.TestNG.runSuitesLocally(TestNG.java:1208)
at org.testng.TestNG.runSuites(TestNG.java:1112)
at org.testng.TestNG.run(TestNG.java:1079)
at org.testng.remote.AbstractRemoteTestNG.run(AbstractRemoteTestNG.java:115)
at org.testng.remote.RemoteTestNG.initAndRun(RemoteTestNG.java:293)
at org.testng.remote.RemoteTestNG.main(RemoteTestNG.java:91)
]]>
    </failure>
  </testcase> <!-- verifyProjectDeletePopUp -->
  <testcase classname="com.zenken.freshers.user.Projects" name="verifyProjectDelete" time="2.869"/>
  <testcase classname="com.zenken.freshers.user.Projects" name="verifyProjectTitleCharExceed" time="2.726"/>
  <testcase classname="com.zenken.freshers.user.Projects" name="verifyBeforeEndDateError" time="2.918"/>
  <testcase classname="com.zenken.freshers.user.Projects" name="verifyProjectDetailsCharExceed" time="2.233"/>
  <testcase classname="com.zenken.freshers.user.Projects" name="verifyInvalidProjectLinkError" time="2.515"/>
  <testcase classname="com.zenken.freshers.user.Projects" name="verifyProjectLinkCharExceed" time="3.185"/>
  <testcase classname="com.zenken.freshers.user.Projects" name="verifyProjectTitleRequired" time="2.979"/>
  <testcase classname="com.zenken.freshers.user.Projects" name="verifyStartMonthRequired" time="2.553"/>
  <testcase classname="com.zenken.freshers.user.Projects" name="verifyStartYearRequired" time="2.734"/>
  <testcase classname="com.zenken.freshers.user.Projects" name="verifyEndMonthRequired" time="2.626"/>
  <testcase classname="com.zenken.freshers.user.Projects" name="verifyEndYearRequired" time="2.936"/>
  <testcase classname="com.zenken.freshers.user.Projects" name="verifyInvalidFileFormat" time="4.515"/>
  <testcase classname="com.zenken.freshers.user.Projects" name="verifyInvalidFileSize" time="5.702"/>
  <testcase classname="com.zenken.freshers.user.Projects" name="verifyMaxFilesUpload" time="18.109"/>
</testsuite> <!-- Default test -->
