<?xml version="1.0" encoding="UTF-8"?>
<!-- Generated by org.testng.reporters.JUnitXMLReporter -->
<testsuite ignored="27" hostname="Prasanna" failures="1" tests="3" name="Test" time="9.829" errors="0" timestamp="2025-01-28T12:57:41 IST">
  <testcase classname="com.zenken.freshers.user.Login" name="verifyInvalidEmail" time="0.138">
    <skipped/>
  </testcase> <!-- verifyInvalidEmail -->
  <testcase classname="com.zenken.freshers.user.Login" name="verifyInvalidEmail" time="0.143">
    <skipped/>
  </testcase> <!-- verifyInvalidEmail -->
  <testcase classname="com.zenken.freshers.user.Login" name="verifyInvalidEmail" time="0.153">
    <failure type="org.openqa.selenium.NoSuchElementException" message="no such element: Unable to locate element: {&amp;quot;method&amp;quot;:&amp;quot;css selector&amp;quot;,&amp;quot;selector&amp;quot;:&amp;quot;[class*=&amp;apos;ib&amp;apos;]&amp;quot;}
  (Session info: chrome=131.0.6778.267)
For documentation on this error, please visit: https://www.selenium.dev/documentation/webdriver/troubleshooting/errors#no-such-element-exception
Build info: version: &amp;apos;4.27.0&amp;apos;, revision: &amp;apos;d6e718d134&amp;apos;
System info: os.name: &amp;apos;Windows 11&amp;apos;, os.arch: &amp;apos;amd64&amp;apos;, os.version: &amp;apos;10.0&amp;apos;, java.version: &amp;apos;21.0.2&amp;apos;
Driver info: org.openqa.selenium.chrome.ChromeDriver
Command: [9b5d4aff8fe6776307c6323c466a6b84, findElement {using=css selector, value=[class*=&amp;apos;ib&amp;apos;]}]
Capabilities {acceptInsecureCerts: false, browserName: chrome, browserVersion: 131.0.6778.267, chrome: {chromedriverVersion: 131.0.6778.264 (2d05e315153..., userDataDir: C:\Users\prasa\AppData\Loca...}, fedcm:accounts: true, goog:chromeOptions: {debuggerAddress: localhost:53483}, networkConnectionEnabled: false, pageLoadStrategy: normal, platformName: windows, proxy: Proxy(), se:cdp: ws://localhost:53483/devtoo..., se:cdpVersion: 131.0.6778.267, setWindowRect: true, strictFileInteractability: false, timeouts: {implicit: 0, pageLoad: 300000, script: 30000}, unhandledPromptBehavior: dismiss and notify, webauthn:extension:credBlob: true, webauthn:extension:largeBlob: true, webauthn:extension:minPinLength: true, webauthn:extension:prf: true, webauthn:virtualAuthenticators: true}
Session ID: 9b5d4aff8fe6776307c6323c466a6b84">
      <![CDATA[org.openqa.selenium.NoSuchElementException: no such element: Unable to locate element: {"method":"css selector","selector":"[class*='ib']"}
  (Session info: chrome=131.0.6778.267)
For documentation on this error, please visit: https://www.selenium.dev/documentation/webdriver/troubleshooting/errors#no-such-element-exception
Build info: version: '4.27.0', revision: 'd6e718d134'
System info: os.name: 'Windows 11', os.arch: 'amd64', os.version: '10.0', java.version: '21.0.2'
Driver info: org.openqa.selenium.chrome.ChromeDriver
Command: [9b5d4aff8fe6776307c6323c466a6b84, findElement {using=css selector, value=[class*='ib']}]
Capabilities {acceptInsecureCerts: false, browserName: chrome, browserVersion: 131.0.6778.267, chrome: {chromedriverVersion: 131.0.6778.264 (2d05e315153..., userDataDir: C:\Users\prasa\AppData\Loca...}, fedcm:accounts: true, goog:chromeOptions: {debuggerAddress: localhost:53483}, networkConnectionEnabled: false, pageLoadStrategy: normal, platformName: windows, proxy: Proxy(), se:cdp: ws://localhost:53483/devtoo..., se:cdpVersion: 131.0.6778.267, setWindowRect: true, strictFileInteractability: false, timeouts: {implicit: 0, pageLoad: 300000, script: 30000}, unhandledPromptBehavior: dismiss and notify, webauthn:extension:credBlob: true, webauthn:extension:largeBlob: true, webauthn:extension:minPinLength: true, webauthn:extension:prf: true, webauthn:virtualAuthenticators: true}
Session ID: 9b5d4aff8fe6776307c6323c466a6b84
at org.openqa.selenium.remote.ErrorCodec.decode(ErrorCodec.java:167)
at org.openqa.selenium.remote.codec.w3c.W3CHttpResponseCodec.decode(W3CHttpResponseCodec.java:138)
at org.openqa.selenium.remote.codec.w3c.W3CHttpResponseCodec.decode(W3CHttpResponseCodec.java:50)
at org.openqa.selenium.remote.HttpCommandExecutor.execute(HttpCommandExecutor.java:190)
at org.openqa.selenium.remote.service.DriverCommandExecutor.invokeExecute(DriverCommandExecutor.java:216)
at org.openqa.selenium.remote.service.DriverCommandExecutor.execute(DriverCommandExecutor.java:174)
at org.openqa.selenium.remote.RemoteWebDriver.execute(RemoteWebDriver.java:545)
at org.openqa.selenium.remote.ElementLocation$ElementFinder$2.findElement(ElementLocation.java:165)
at org.openqa.selenium.remote.ElementLocation.findElement(ElementLocation.java:59)
at org.openqa.selenium.remote.RemoteWebDriver.findElement(RemoteWebDriver.java:368)
at org.openqa.selenium.remote.RemoteWebDriver.findElement(RemoteWebDriver.java:362)
at org.openqa.selenium.support.pagefactory.DefaultElementLocator.findElement(DefaultElementLocator.java:68)
at org.openqa.selenium.support.pagefactory.internal.LocatingElementHandler.invoke(LocatingElementHandler.java:38)
at jdk.proxy2/jdk.proxy2.$Proxy12.getText(Unknown Source)
at com.zenken.freshers.pages.user.LoginPage.getInvalidEmailText(LoginPage.java:93)
at com.zenken.freshers.user.Login.verifyInvalidEmail(Login.java:122)
at java.base/java.util.concurrent.Executors$RunnableAdapter.call(Executors.java:572)
at java.base/java.util.concurrent.FutureTask.run(FutureTask.java:317)
at java.base/java.util.concurrent.ThreadPoolExecutor.runWorker(ThreadPoolExecutor.java:1144)
at java.base/java.util.concurrent.ThreadPoolExecutor$Worker.run(ThreadPoolExecutor.java:642)
at java.base/java.lang.Thread.run(Thread.java:1583)
... Removed 14 stack frames]]>
    </failure>
  </testcase> <!-- verifyInvalidEmail -->
  <testcase classname="com.zenken.freshers.user.Login" name="verifyEmailRequired" time="0.0">
    <ignored/>
  </testcase> <!-- verifyEmailRequired -->
  <testcase classname="com.zenken.freshers.user.Login" name="verifyLogInAfterPasswordChange" time="0.0">
    <ignored/>
  </testcase> <!-- verifyLogInAfterPasswordChange -->
  <testcase classname="com.zenken.freshers.user.Login" name="verifyInvalidPassword3" time="0.0">
    <ignored/>
  </testcase> <!-- verifyInvalidPassword3 -->
  <testcase classname="com.zenken.freshers.user.Login" name="verifyInvalidPassword1" time="0.0">
    <ignored/>
  </testcase> <!-- verifyInvalidPassword1 -->
  <testcase classname="com.zenken.freshers.user.Login" name="verifySameMailSendWithinMinute" time="0.0">
    <ignored/>
  </testcase> <!-- verifySameMailSendWithinMinute -->
  <testcase classname="com.zenken.freshers.user.Login" name="verifyLogInUrl" time="0.0">
    <ignored/>
  </testcase> <!-- verifyLogInUrl -->
  <testcase classname="com.zenken.freshers.user.Login" name="verifyPasswordReset" time="0.0">
    <ignored/>
  </testcase> <!-- verifyPasswordReset -->
  <testcase classname="com.zenken.freshers.user.Login" name="verifyCredentialsMismatch" time="0.0">
    <ignored/>
  </testcase> <!-- verifyCredentialsMismatch -->
  <testcase classname="com.zenken.freshers.user.Login" name="verifyCreateAccountUrl" time="0.0">
    <ignored/>
  </testcase> <!-- verifyCreateAccountUrl -->
  <testcase classname="com.zenken.freshers.user.Login" name="verifySamePassword" time="0.0">
    <ignored/>
  </testcase> <!-- verifySamePassword -->
  <testcase classname="com.zenken.freshers.user.Login" name="verifyEmailRequiredOnForgotPasswordPage" time="0.0">
    <ignored/>
  </testcase> <!-- verifyEmailRequiredOnForgotPasswordPage -->
  <testcase classname="com.zenken.freshers.user.Login" name="verifyForgotPasswordPageTitle" time="0.0">
    <ignored/>
  </testcase> <!-- verifyForgotPasswordPageTitle -->
  <testcase classname="com.zenken.freshers.user.Login" name="verifyNonExistentEmail" time="0.0">
    <ignored/>
  </testcase> <!-- verifyNonExistentEmail -->
  <testcase classname="com.zenken.freshers.user.Login" name="verifyInvalidPassword4" time="0.0">
    <ignored/>
  </testcase> <!-- verifyInvalidPassword4 -->
  <testcase classname="com.zenken.freshers.user.Login" name="verifyInvalidPassword2" time="0.0">
    <ignored/>
  </testcase> <!-- verifyInvalidPassword2 -->
  <testcase classname="com.zenken.freshers.user.Login" name="verifyInvalidEmailOnForgotPasswordPage" time="0.0">
    <ignored/>
  </testcase> <!-- verifyInvalidEmailOnForgotPasswordPage -->
  <testcase classname="com.zenken.freshers.user.Login" name="verifyPasswordResetLink" time="0.0">
    <ignored/>
  </testcase> <!-- verifyPasswordResetLink -->
  <testcase classname="com.zenken.freshers.user.Login" name="verifyPasswordRequired" time="0.0">
    <ignored/>
  </testcase> <!-- verifyPasswordRequired -->
  <testcase classname="com.zenken.freshers.user.Login" name="verifyInvalidToken" time="0.0">
    <ignored/>
  </testcase> <!-- verifyInvalidToken -->
  <testcase classname="com.zenken.freshers.user.Login" name="verifyPasswordResetMailSend" time="0.0">
    <ignored/>
  </testcase> <!-- verifyPasswordResetMailSend -->
  <testcase classname="com.zenken.freshers.user.Login" name="verifyPasswordResetCompleteHeadline" time="0.0">
    <ignored/>
  </testcase> <!-- verifyPasswordResetCompleteHeadline -->
  <testcase classname="com.zenken.freshers.user.Login" name="verifyPasswordResetEmail" time="0.0">
    <ignored/>
  </testcase> <!-- verifyPasswordResetEmail -->
  <testcase classname="com.zenken.freshers.user.Login" name="verifyHeadLineText" time="0.0">
    <ignored/>
  </testcase> <!-- verifyHeadLineText -->
  <testcase classname="com.zenken.freshers.user.Login" name="verifyUserLogIn" time="0.0">
    <ignored/>
  </testcase> <!-- verifyUserLogIn -->
  <testcase classname="com.zenken.freshers.user.Login" name="verifyForgotPasswordUrl" time="0.0">
    <ignored/>
  </testcase> <!-- verifyForgotPasswordUrl -->
  <testcase classname="com.zenken.freshers.user.Login" name="verifyTitle" time="0.0">
    <ignored/>
  </testcase> <!-- verifyTitle -->
  <testcase classname="com.zenken.freshers.user.Login" name="verifyForgotPasswordPageHeadline" time="0.0">
    <ignored/>
  </testcase> <!-- verifyForgotPasswordPageHeadline -->
</testsuite> <!-- Test -->
