<?xml version="1.0" encoding="UTF-8"?>
<!-- Generated by org.testng.reporters.JUnitReportReporter -->
<testsuite hostname="Prasanna" failures="0" tests="22" name="com.zenken.freshers.user.JobsApply" time="530.489" errors="1" timestamp="2025-01-28T12:12:32 IST" skipped="3">
  <testcase classname="com.zenken.freshers.user.JobsApply" name="verifyApplicationDeadline" time="54.570"/>
  <testcase classname="com.zenken.freshers.user.JobsApply" name="verifyApplyNotAllowed1" time="16.011"/>
  <testcase classname="com.zenken.freshers.user.JobsApply" name="verifyApplyAreaDisplay" time="11.955"/>
  <testcase classname="com.zenken.freshers.user.JobsApply" name="verifyApplyAreaText" time="15.973"/>
  <testcase classname="com.zenken.freshers.user.JobsApply" name="verifyProfileCompletePopup" time="14.615"/>
  <testcase classname="com.zenken.freshers.user.JobsApply" name="verifyProfilePageURL" time="16.023"/>
  <testcase classname="com.zenken.freshers.user.JobsApply" name="verifyFinalConfPopup1" time="16.765">
    <error message="no such element: Unable to locate element: {&quot;method&quot;:&quot;css selector&quot;,&quot;selector&quot;:&quot;[class*=&#039;u-w-90&#039;]&quot;}
  (Session info: chrome=131.0.6778.267)
For documentation on this error, please visit: https://www.selenium.dev/documentation/webdriver/troubleshooting/errors#no-such-element-exception
Build info: version: &#039;4.27.0&#039;, revision: &#039;d6e718d134&#039;
System info: os.name: &#039;Windows 11&#039;, os.arch: &#039;amd64&#039;, os.version: &#039;10.0&#039;, java.version: &#039;21.0.2&#039;
Driver info: org.openqa.selenium.chrome.ChromeDriver
Command: [2a4ae20e030ce9c3aa48bd87d530e774, findElement {value=[class*=&#039;u-w-90&#039;], using=css selector}]
Capabilities {acceptInsecureCerts: false, browserName: chrome, browserVersion: 131.0.6778.267, chrome: {chromedriverVersion: 131.0.6778.264 (2d05e315153..., userDataDir: C:\Users\prasa\AppData\Loca...}, fedcm:accounts: true, goog:chromeOptions: {debuggerAddress: localhost:49764}, networkConnectionEnabled: false, pageLoadStrategy: normal, platformName: windows, proxy: Proxy(), se:cdp: ws://localhost:49764/devtoo..., se:cdpVersion: 131.0.6778.267, setWindowRect: true, strictFileInteractability: false, timeouts: {implicit: 0, pageLoad: 300000, script: 30000}, unhandledPromptBehavior: dismiss and notify, webauthn:extension:credBlob: true, webauthn:extension:largeBlob: true, webauthn:extension:minPinLength: true, webauthn:extension:prf: true, webauthn:virtualAuthenticators: true}
Session ID: 2a4ae20e030ce9c3aa48bd87d530e774" type="org.openqa.selenium.NoSuchElementException">
      <![CDATA[org.openqa.selenium.NoSuchElementException: no such element: Unable to locate element: {"method":"css selector","selector":"[class*='u-w-90']"}
  (Session info: chrome=131.0.6778.267)
For documentation on this error, please visit: https://www.selenium.dev/documentation/webdriver/troubleshooting/errors#no-such-element-exception
Build info: version: '4.27.0', revision: 'd6e718d134'
System info: os.name: 'Windows 11', os.arch: 'amd64', os.version: '10.0', java.version: '21.0.2'
Driver info: org.openqa.selenium.chrome.ChromeDriver
Command: [2a4ae20e030ce9c3aa48bd87d530e774, findElement {value=[class*='u-w-90'], using=css selector}]
Capabilities {acceptInsecureCerts: false, browserName: chrome, browserVersion: 131.0.6778.267, chrome: {chromedriverVersion: 131.0.6778.264 (2d05e315153..., userDataDir: C:\Users\prasa\AppData\Loca...}, fedcm:accounts: true, goog:chromeOptions: {debuggerAddress: localhost:49764}, networkConnectionEnabled: false, pageLoadStrategy: normal, platformName: windows, proxy: Proxy(), se:cdp: ws://localhost:49764/devtoo..., se:cdpVersion: 131.0.6778.267, setWindowRect: true, strictFileInteractability: false, timeouts: {implicit: 0, pageLoad: 300000, script: 30000}, unhandledPromptBehavior: dismiss and notify, webauthn:extension:credBlob: true, webauthn:extension:largeBlob: true, webauthn:extension:minPinLength: true, webauthn:extension:prf: true, webauthn:virtualAuthenticators: true}
Session ID: 2a4ae20e030ce9c3aa48bd87d530e774
at java.base/jdk.internal.reflect.DirectConstructorHandleAccessor.newInstance(DirectConstructorHandleAccessor.java:62)
at java.base/java.lang.reflect.Constructor.newInstanceWithCaller(Constructor.java:502)
at java.base/java.lang.reflect.Constructor.newInstance(Constructor.java:486)
at org.openqa.selenium.remote.ErrorCodec.decode(ErrorCodec.java:167)
at org.openqa.selenium.remote.codec.w3c.W3CHttpResponseCodec.decode(W3CHttpResponseCodec.java:138)
at org.openqa.selenium.remote.codec.w3c.W3CHttpResponseCodec.decode(W3CHttpResponseCodec.java:50)
at org.openqa.selenium.remote.HttpCommandExecutor.execute(HttpCommandExecutor.java:190)
at org.openqa.selenium.remote.service.DriverCommandExecutor.invokeExecute(DriverCommandExecutor.java:216)
at org.openqa.selenium.remote.service.DriverCommandExecutor.execute(DriverCommandExecutor.java:174)
at org.openqa.selenium.remote.RemoteWebDriver.execute(RemoteWebDriver.java:545)
at org.openqa.selenium.remote.ElementLocation$ElementFinder$2.findElement(ElementLocation.java:165)
at org.openqa.selenium.remote.ElementLocation.findElement(ElementLocation.java:59)
at org.openqa.selenium.remote.RemoteWebDriver.findElement(RemoteWebDriver.java:368)
at org.openqa.selenium.remote.RemoteWebDriver.findElement(RemoteWebDriver.java:362)
at org.openqa.selenium.support.pagefactory.DefaultElementLocator.findElement(DefaultElementLocator.java:68)
at org.openqa.selenium.support.pagefactory.internal.LocatingElementHandler.invoke(LocatingElementHandler.java:38)
at jdk.proxy2/jdk.proxy2.$Proxy15.click(Unknown Source)
at com.zenken.freshers.pages.user.EditPhotoPage.clickUploadPhoto(EditPhotoPage.java:71)
at com.zenken.freshers.user.JobsApply.fillProfile(JobsApply.java:355)
at com.zenken.freshers.user.JobsApply.verifyFinalConfPopup1(JobsApply.java:151)
at java.base/jdk.internal.reflect.DirectMethodHandleAccessor.invoke(DirectMethodHandleAccessor.java:103)
at java.base/java.lang.reflect.Method.invoke(Method.java:580)
at org.testng.internal.invokers.MethodInvocationHelper.invokeMethod(MethodInvocationHelper.java:141)
at org.testng.internal.invokers.TestInvoker.invokeMethod(TestInvoker.java:686)
at org.testng.internal.invokers.TestInvoker.retryFailed(TestInvoker.java:269)
at org.testng.internal.invokers.MethodRunner.runInSequence(MethodRunner.java:76)
at org.testng.internal.invokers.TestInvoker$MethodInvocationAgent.invoke(TestInvoker.java:992)
at org.testng.internal.invokers.TestInvoker.invokeTestMethods(TestInvoker.java:203)
at org.testng.internal.invokers.TestMethodWorker.invokeTestMethods(TestMethodWorker.java:154)
at org.testng.internal.invokers.TestMethodWorker.run(TestMethodWorker.java:134)
at java.base/java.util.concurrent.Executors$RunnableAdapter.call(Executors.java:572)
at java.base/java.util.concurrent.FutureTask.run(FutureTask.java:317)
at org.testng.internal.thread.graph.TestNGFutureTask.run(TestNGFutureTask.java:22)
at java.base/java.util.concurrent.ThreadPoolExecutor.runWorker(ThreadPoolExecutor.java:1144)
at java.base/java.util.concurrent.ThreadPoolExecutor$Worker.run(ThreadPoolExecutor.java:642)
at java.base/java.lang.Thread.run(Thread.java:1583)
]]>
    </error>
  </testcase> <!-- verifyFinalConfPopup1 -->
  <testcase classname="com.zenken.freshers.user.JobsApply" name="verifyFinalConfPopup1" time="31.772">
    <skipped/>
  </testcase> <!-- verifyFinalConfPopup1 -->
  <testcase classname="com.zenken.freshers.user.JobsApply" name="verifyFinalConfPopup1" time="87.625">
    <skipped/>
  </testcase> <!-- verifyFinalConfPopup1 -->
  <testcase classname="com.zenken.freshers.user.JobsApply" name="verifyJobApplication1" time="27.801"/>
  <testcase classname="com.zenken.freshers.user.JobsApply" name="verifyJobApplication1" time="22.547">
    <skipped/>
  </testcase> <!-- verifyJobApplication1 -->
  <testcase classname="com.zenken.freshers.user.JobsApply" name="verifyApplyMailReception1" time="7.063"/>
  <testcase classname="com.zenken.freshers.user.JobsApply" name="verifyApplyNotAllowed2" time="19.718"/>
  <testcase classname="com.zenken.freshers.user.JobsApply" name="verifyApplyFormURL" time="18.789"/>
  <testcase classname="com.zenken.freshers.user.JobsApply" name="verifyApplyFormText" time="16.992"/>
  <testcase classname="com.zenken.freshers.user.JobsApply" name="verifyApplyFormCancel" time="16.848"/>
  <testcase classname="com.zenken.freshers.user.JobsApply" name="verifyApplyFormMandatoryFields" time="25.645"/>
  <testcase classname="com.zenken.freshers.user.JobsApply" name="verifyApplyFormCharExceed" time="19.681"/>
  <testcase classname="com.zenken.freshers.user.JobsApply" name="verifyFinalConfPopup2" time="17.500"/>
  <testcase classname="com.zenken.freshers.user.JobsApply" name="verifyJobApplication2" time="49.114"/>
  <testcase classname="com.zenken.freshers.user.JobsApply" name="verifyApplyMailReception2" time="8.559"/>
  <testcase classname="com.zenken.freshers.user.JobsApply" name="verifyApplyNotAllowed3" time="14.923"/>
</testsuite> <!-- com.zenken.freshers.user.JobsApply -->
