<?xml version="1.0" encoding="UTF-8"?>
<!-- Generated by org.testng.reporters.JUnitReportReporter -->
<testsuite hostname="Prasanna" failures="0" tests="18" name="com.zenken.freshers.user.Internships" time="237.461" errors="1" timestamp="2024-09-25T14:14:53 IST" skipped="0">
  <testcase classname="com.zenken.freshers.user.Internships" name="verifyIntNewUrl" time="7.933"/>
  <testcase classname="com.zenken.freshers.user.Internships" name="verifyInternshipPageTitle" time="7.381"/>
  <testcase classname="com.zenken.freshers.user.Internships" name="verifyInternshipPlaceholder" time="11.279"/>
  <testcase classname="com.zenken.freshers.user.Internships" name="verifyEndDateDdDisable" time="8.019"/>
  <testcase classname="com.zenken.freshers.user.Internships" name="verifyInternshipAddition" time="10.908"/>
  <testcase classname="com.zenken.freshers.user.Internships" name="verifyIntAdditionWithDetails" time="11.764"/>
  <testcase classname="com.zenken.freshers.user.Internships" name="verifyIntEditUrl" time="7.560"/>
  <testcase classname="com.zenken.freshers.user.Internships" name="verifyIntSavedData" time="8.598"/>
  <testcase classname="com.zenken.freshers.user.Internships" name="verifyIntCharCount" time="32.794"/>
  <testcase classname="com.zenken.freshers.user.Internships" name="verifyTenIntExceed" time="28.781"/>
  <testcase classname="com.zenken.freshers.user.Internships" name="verifyIntDeletePopUp" time="18.461">
    <error message="Expected condition failed: waiting for visibility of [[ChromeDriver: chrome on windows (a04dab56c79082b7211bb5a8eaba4427)] -&gt; css selector: [role=dialog]] (tried for 10 second(s) with 500 milliseconds interval)
Build info: version: &#039;4.22.0&#039;, revision: &#039;c5f3146703*&#039;
System info: os.name: &#039;Windows 11&#039;, os.arch: &#039;amd64&#039;, os.version: &#039;10.0&#039;, java.version: &#039;21.0.2&#039;
Driver info: org.openqa.selenium.chrome.ChromeDriver
Capabilities {acceptInsecureCerts: false, browserName: chrome, browserVersion: 129.0.6668.59, chrome: {chromedriverVersion: 129.0.6668.70 (df87d5cf12b1..., userDataDir: C:\Users\prasa\AppData\Loca...}, fedcm:accounts: true, goog:chromeOptions: {debuggerAddress: localhost:59680}, networkConnectionEnabled: false, pageLoadStrategy: normal, platformName: windows, proxy: Proxy(), se:cdp: ws://localhost:59680/devtoo..., se:cdpVersion: 129.0.6668.59, setWindowRect: true, strictFileInteractability: false, timeouts: {implicit: 0, pageLoad: 300000, script: 30000}, unhandledPromptBehavior: dismiss and notify, webauthn:extension:credBlob: true, webauthn:extension:largeBlob: true, webauthn:extension:minPinLength: true, webauthn:extension:prf: true, webauthn:virtualAuthenticators: true}
Session ID: a04dab56c79082b7211bb5a8eaba4427" type="org.openqa.selenium.TimeoutException">
      <![CDATA[org.openqa.selenium.TimeoutException: Expected condition failed: waiting for visibility of [[ChromeDriver: chrome on windows (a04dab56c79082b7211bb5a8eaba4427)] -> css selector: [role=dialog]] (tried for 10 second(s) with 500 milliseconds interval)
Build info: version: '4.22.0', revision: 'c5f3146703*'
System info: os.name: 'Windows 11', os.arch: 'amd64', os.version: '10.0', java.version: '21.0.2'
Driver info: org.openqa.selenium.chrome.ChromeDriver
Capabilities {acceptInsecureCerts: false, browserName: chrome, browserVersion: 129.0.6668.59, chrome: {chromedriverVersion: 129.0.6668.70 (df87d5cf12b1..., userDataDir: C:\Users\prasa\AppData\Loca...}, fedcm:accounts: true, goog:chromeOptions: {debuggerAddress: localhost:59680}, networkConnectionEnabled: false, pageLoadStrategy: normal, platformName: windows, proxy: Proxy(), se:cdp: ws://localhost:59680/devtoo..., se:cdpVersion: 129.0.6668.59, setWindowRect: true, strictFileInteractability: false, timeouts: {implicit: 0, pageLoad: 300000, script: 30000}, unhandledPromptBehavior: dismiss and notify, webauthn:extension:credBlob: true, webauthn:extension:largeBlob: true, webauthn:extension:minPinLength: true, webauthn:extension:prf: true, webauthn:virtualAuthenticators: true}
Session ID: a04dab56c79082b7211bb5a8eaba4427
at org.openqa.selenium.support.ui.WebDriverWait.timeoutException(WebDriverWait.java:84)
at org.openqa.selenium.support.ui.FluentWait.until(FluentWait.java:228)
at com.zenken.frehsers.abstractcomponents.WebDriverUtils.waitUntilElementAppears(WebDriverUtils.java:67)
at com.zenken.freshers.pages.user.EditInternshipsPage.getPopUpText(EditInternshipsPage.java:185)
at com.zenken.freshers.user.Internships.verifyIntDeletePopUp(Internships.java:160)
at java.base/jdk.internal.reflect.DirectMethodHandleAccessor.invoke(DirectMethodHandleAccessor.java:103)
at java.base/java.lang.reflect.Method.invoke(Method.java:580)
at org.testng.internal.invokers.MethodInvocationHelper.invokeMethod(MethodInvocationHelper.java:141)
at org.testng.internal.invokers.TestInvoker.invokeMethod(TestInvoker.java:686)
at org.testng.internal.invokers.TestInvoker.invokeTestMethod(TestInvoker.java:230)
at org.testng.internal.invokers.MethodRunner.runInSequence(MethodRunner.java:63)
at org.testng.internal.invokers.TestInvoker$MethodInvocationAgent.invoke(TestInvoker.java:992)
at org.testng.internal.invokers.TestInvoker.invokeTestMethods(TestInvoker.java:203)
at org.testng.internal.invokers.TestMethodWorker.invokeTestMethods(TestMethodWorker.java:154)
at org.testng.internal.invokers.TestMethodWorker.run(TestMethodWorker.java:134)
at java.base/java.util.ArrayList.forEach(ArrayList.java:1596)
at org.testng.TestRunner.privateRun(TestRunner.java:739)
at org.testng.TestRunner.run(TestRunner.java:614)
at org.testng.SuiteRunner.runTest(SuiteRunner.java:421)
at org.testng.SuiteRunner.runSequentially(SuiteRunner.java:413)
at org.testng.SuiteRunner.privateRun(SuiteRunner.java:373)
at org.testng.SuiteRunner.run(SuiteRunner.java:312)
at org.testng.SuiteRunnerWorker.runSuite(SuiteRunnerWorker.java:52)
at org.testng.SuiteRunnerWorker.run(SuiteRunnerWorker.java:95)
at org.testng.TestNG.runSuitesSequentially(TestNG.java:1274)
at org.testng.TestNG.runSuitesLocally(TestNG.java:1208)
at org.testng.TestNG.runSuites(TestNG.java:1112)
at org.testng.TestNG.run(TestNG.java:1079)
at org.testng.remote.AbstractRemoteTestNG.run(AbstractRemoteTestNG.java:115)
at org.testng.remote.RemoteTestNG.initAndRun(RemoteTestNG.java:293)
at org.testng.remote.RemoteTestNG.main(RemoteTestNG.java:91)
]]>
    </error>
  </testcase> <!-- verifyIntDeletePopUp -->
  <testcase classname="com.zenken.freshers.user.Internships" name="verifyIntDelete" time="9.601"/>
  <testcase classname="com.zenken.freshers.user.Internships" name="verifyIntDetailsCharExceed" time="24.660"/>
  <testcase classname="com.zenken.freshers.user.Internships" name="verifyEndDateMismatch" time="9.749"/>
  <testcase classname="com.zenken.freshers.user.Internships" name="verifyStartMonthRequired" time="9.592"/>
  <testcase classname="com.zenken.freshers.user.Internships" name="verifyStartYearRequired" time="9.554"/>
  <testcase classname="com.zenken.freshers.user.Internships" name="verifyEndMonthRequired" time="9.358"/>
  <testcase classname="com.zenken.freshers.user.Internships" name="verifyEndYearRequired" time="11.469"/>
</testsuite> <!-- com.zenken.freshers.user.Internships -->
