<?xml version="1.0" encoding="UTF-8"?>
<!-- Generated by org.testng.reporters.JUnitReportReporter -->
<testsuite hostname="Prasanna" failures="1" tests="32" name="com.zenken.freshers.user.Projects" time="450.693" errors="0" timestamp="2024-10-07T15:05:28 IST" skipped="0">
  <testcase classname="com.zenken.freshers.user.Projects" name="verifyProjectsNewUrl" time="8.604"/>
  <testcase classname="com.zenken.freshers.user.Projects" name="verifyProjectPageTitle" time="8.479"/>
  <testcase classname="com.zenken.freshers.user.Projects" name="verifyProjectPlaceholders" time="8.519"/>
  <testcase classname="com.zenken.freshers.user.Projects" name="verifyProjectEndDateDdDisable" time="8.520"/>
  <testcase classname="com.zenken.freshers.user.Projects" name="verifyProjectAddition" time="11.962"/>
  <testcase classname="com.zenken.freshers.user.Projects" name="verifyProjectAdditionWithDetails" time="12.527"/>
  <testcase classname="com.zenken.freshers.user.Projects" name="verifyProjectAdditionWithLink" time="14.150"/>
  <testcase classname="com.zenken.freshers.user.Projects" name="verifyProjectLink" time="12.221"/>
  <testcase classname="com.zenken.freshers.user.Projects" name="verifyProjectFileUpload" time="13.368"/>
  <testcase classname="com.zenken.freshers.user.Projects" name="verifyDefaultProjectName" time="7.600"/>
  <testcase classname="com.zenken.freshers.user.Projects" name="verifyProjectAdditionWithFile" time="27.440">
    <failure message="expected [Sample_Project.pdf] but found [Sample_Project (1).pdf]" type="java.lang.AssertionError">
      <![CDATA[java.lang.AssertionError: expected [Sample_Project.pdf] but found [Sample_Project (1).pdf]
at org.testng.Assert.fail(Assert.java:111)
at org.testng.Assert.failNotEquals(Assert.java:1578)
at org.testng.Assert.assertEqualsImpl(Assert.java:150)
at org.testng.Assert.assertEquals(Assert.java:132)
at org.testng.Assert.assertEquals(Assert.java:656)
at org.testng.Assert.assertEquals(Assert.java:666)
at com.zenken.freshers.user.Projects.verifyProjectAdditionWithFile(Projects.java:180)
at java.base/jdk.internal.reflect.DirectMethodHandleAccessor.invoke(DirectMethodHandleAccessor.java:103)
at java.base/java.lang.reflect.Method.invoke(Method.java:580)
at org.testng.internal.invokers.MethodInvocationHelper.invokeMethod(MethodInvocationHelper.java:141)
at org.testng.internal.invokers.TestInvoker.invokeMethod(TestInvoker.java:686)
at org.testng.internal.invokers.TestInvoker.invokeTestMethod(TestInvoker.java:230)
at org.testng.internal.invokers.MethodRunner.runInSequence(MethodRunner.java:63)
at org.testng.internal.invokers.TestInvoker$MethodInvocationAgent.invoke(TestInvoker.java:992)
at org.testng.internal.invokers.TestInvoker.invokeTestMethods(TestInvoker.java:203)
at org.testng.internal.invokers.TestMethodWorker.invokeTestMethods(TestMethodWorker.java:154)
at org.testng.internal.invokers.TestMethodWorker.run(TestMethodWorker.java:134)
at java.base/java.util.ArrayList.forEach(ArrayList.java:1596)
at org.testng.TestRunner.privateRun(TestRunner.java:739)
at org.testng.TestRunner.run(TestRunner.java:614)
at org.testng.SuiteRunner.runTest(SuiteRunner.java:421)
at org.testng.SuiteRunner.runSequentially(SuiteRunner.java:413)
at org.testng.SuiteRunner.privateRun(SuiteRunner.java:373)
at org.testng.SuiteRunner.run(SuiteRunner.java:312)
at org.testng.SuiteRunnerWorker.runSuite(SuiteRunnerWorker.java:52)
at org.testng.SuiteRunnerWorker.run(SuiteRunnerWorker.java:95)
at org.testng.TestNG.runSuitesSequentially(TestNG.java:1274)
at org.testng.TestNG.runSuitesLocally(TestNG.java:1208)
at org.testng.TestNG.runSuites(TestNG.java:1112)
at org.testng.TestNG.run(TestNG.java:1079)
at org.testng.remote.AbstractRemoteTestNG.run(AbstractRemoteTestNG.java:115)
at org.testng.remote.RemoteTestNG.initAndRun(RemoteTestNG.java:293)
at org.testng.remote.RemoteTestNG.main(RemoteTestNG.java:91)
]]>
    </failure>
  </testcase> <!-- verifyProjectAdditionWithFile -->
  <testcase classname="com.zenken.freshers.user.Projects" name="verifyProjectEditUrl" time="10.071"/>
  <testcase classname="com.zenken.freshers.user.Projects" name="verifyProjectSavedData" time="8.310"/>
  <testcase classname="com.zenken.freshers.user.Projects" name="verifyProjectCharCount" time="39.468"/>
  <testcase classname="com.zenken.freshers.user.Projects" name="verifyProjectFilesUpload" time="20.323"/>
  <testcase classname="com.zenken.freshers.user.Projects" name="verifyProjectFileDelete" time="10.715"/>
  <testcase classname="com.zenken.freshers.user.Projects" name="verifyProjectCountExceed" time="20.646"/>
  <testcase classname="com.zenken.freshers.user.Projects" name="verifyProjectDeletePopUp" time="8.383"/>
  <testcase classname="com.zenken.freshers.user.Projects" name="verifyProjectDelete" time="10.785"/>
  <testcase classname="com.zenken.freshers.user.Projects" name="verifyProjectTitleCharExceed" time="11.331"/>
  <testcase classname="com.zenken.freshers.user.Projects" name="verifyBeforeEndDateError" time="9.888"/>
  <testcase classname="com.zenken.freshers.user.Projects" name="verifyProjectDetailsCharExceed" time="9.699"/>
  <testcase classname="com.zenken.freshers.user.Projects" name="verifyInvalidProjectLinkError" time="9.772"/>
  <testcase classname="com.zenken.freshers.user.Projects" name="verifyProjectLinkCharExceed" time="11.875"/>
  <testcase classname="com.zenken.freshers.user.Projects" name="verifyProjectTitleRequired" time="10.364"/>
  <testcase classname="com.zenken.freshers.user.Projects" name="verifyStartMonthRequired" time="12.060"/>
  <testcase classname="com.zenken.freshers.user.Projects" name="verifyStartYearRequired" time="9.910"/>
  <testcase classname="com.zenken.freshers.user.Projects" name="verifyEndMonthRequired" time="10.786"/>
  <testcase classname="com.zenken.freshers.user.Projects" name="verifyEndYearRequired" time="10.651"/>
  <testcase classname="com.zenken.freshers.user.Projects" name="verifyInvalidFileFormat" time="13.183"/>
  <testcase classname="com.zenken.freshers.user.Projects" name="verifyInvalidFileSize" time="13.319"/>
  <testcase classname="com.zenken.freshers.user.Projects" name="verifyMaxFilesUpload" time="55.764"/>
</testsuite> <!-- com.zenken.freshers.user.Projects -->
